<?xml version="1.0" encoding="UTF-8"?>
<!-- Generated by org.testng.reporters.JUnitReportReporter -->
<testsuite hostname="Rahuls-MBP-2" failures="0" tests="1" name="AppiumProject.Framework.IosBasicsTest" time="6.058" errors="0" timestamp="2024-03-30T01:57:06 CET" skipped="0">
  <testcase classname="AppiumProject.Framework.IosBasicsTest" name="iOSBasics" time="6.058"/>
</testsuite> <!-- AppiumProject.Framework.IosBasicsTest -->
