<?xml version="1.0" encoding="UTF-8"?>
<!-- Generated by org.testng.reporters.JUnitReportReporter -->
<testsuite hostname="Rahuls-MBP-2" failures="0" tests="3" name="AppiumProject.Framework.FillFormEcomTest" time="23.791" errors="0" timestamp="2024-03-30T02:01:48 CET" skipped="0">
  <testcase classname="AppiumProject.Framework.FillFormEcomTest" name="fillFormNegativeFlow" time="1.156"/>
  <testcase classname="AppiumProject.Framework.FillFormEcomTest" name="fillFormHappyFlow" time="8.297"/>
  <testcase classname="AppiumProject.Framework.FillFormEcomTest" name="fillFormHappyFlow" time="14.338"/>
</testsuite> <!-- AppiumProject.Framework.FillFormEcomTest -->
